::1 - - [19/Jul/2025 07:23:20] "GET / HTTP/1.1" 200 -
::1 - - [19/Jul/2025 07:23:20] "GET /css/layout.css HTTP/1.1" 200 -
::1 - - [19/Jul/2025 07:23:20] "GET /css/default.css HTTP/1.1" 200 -
::1 - - [19/Jul/2025 07:23:20] "GET /css/media-queries.css HTTP/1.1" 200 -
::1 - - [19/Jul/2025 07:23:20] "GET /css/magnific-popup.css HTTP/1.1" 200 -
::1 - - [19/Jul/2025 07:23:20] "GET /css/blog.css HTTP/1.1" 200 -
::1 - - [19/Jul/2025 07:23:20] "GET /css/fonts.css HTTP/1.1" 200 -
::1 - - [19/Jul/2025 07:23:20] "GET /css/font-awesome/css/font-awesome.min.css HTTP/1.1" 200 -
::1 - - [19/Jul/2025 07:23:20] "GET /images/me1.png HTTP/1.1" 200 -
::1 - - [19/Jul/2025 07:23:20] "GET /css/fontello/css/fontello.css HTTP/1.1" 200 -
::1 - - [19/Jul/2025 07:23:20] "GET /images/blog/cloud-migration.jpg HTTP/1.1" 200 -
::1 - - [19/Jul/2025 07:23:20] "GET /images/blog/kubernetes.jpg HTTP/1.1" 200 -
::1 - - [19/Jul/2025 07:23:20] "GET /images/blog/microservices.jpg HTTP/1.1" 200 -
::1 - - [19/Jul/2025 07:23:20] "GET /css/fonts/opensans/OpenSans-Bold-webfont.woff HTTP/1.1" 200 -
::1 - - [19/Jul/2025 07:23:20] "GET /css/fonts/librebaskerville/librebaskerville-regular-webfont.woff HTTP/1.1" 200 -
::1 - - [19/Jul/2025 07:23:20] "GET /css/font-awesome/fonts/fontawesome-webfont.woff?v=4.0.3 HTTP/1.1" 200 -
::1 - - [19/Jul/2025 07:23:20] "GET /css/fontello/font/fontello.woff?13439518 HTTP/1.1" 200 -
::1 - - [19/Jul/2025 07:23:20] "GET /css/fonts/opensans/OpenSans-Regular-webfont.woff HTTP/1.1" 200 -
::1 - - [19/Jul/2025 07:23:20] "GET /css/fonts/librebaskerville/librebaskerville-italic-webfont.woff HTTP/1.1" 200 -
::1 - - [19/Jul/2025 07:23:20] "GET /favicon.png HTTP/1.1" 200 -
::1 - - [19/Jul/2025 07:23:24] "HEAD / HTTP/1.1" 200 -
::1 - - [19/Jul/2025 07:25:41] "GET /contact.html HTTP/1.1" 200 -
::1 - - [19/Jul/2025 07:26:46] "GET /contact.html HTTP/1.1" 200 -
::1 - - [19/Jul/2025 08:13:13] "GET /contact.html HTTP/1.1" 200 -
::1 - - [19/Jul/2025 08:20:17] "GET /blog.html HTTP/1.1" 200 -
::1 - - [19/Jul/2025 08:22:15] "GET /contact.html HTTP/1.1" 200 -
::1 - - [19/Jul/2025 08:22:15] "GET /blog.html HTTP/1.1" 200 -
